Terminals unused in grammar

    T_keyword
    T_int
    T_return
    T_for
    T_while
    T_InputStream
    T_OutputStream
    T_cin
    T_RelationalOperator
    T_LogicalOperator
    T_UnaryOperator
    T_mod
    T_whiteSpace
    T_shortHand
    T_struct
    T_class
    T_namespace
    T_array
    T_comma
    T_dot
    T_float
    T_double
    T_long
    T_bool
    T_bool_true
    T_bool_false


Grammar

    0 $accept: S $end

    1 S: Start

    2 Start: T_include Start
    3      | Main

    4 Main: T_type T_main T_openParenthesis T_closedParanthesis Body

    5 Body: T_openFlowerBracket C T_closedFlowerBracket

    6 C: C statement T_Semicolon
    7  | C LOOPS
    8  | statement T_Semicolon
    9  | LOOPS
   10  | T_openFlowerBracket C T_closedFlowerBracket

   11 LOOPS: T_if T_openParenthesis COND T_closedParanthesis LOOPBODY ELSECHAIN
   12      | T_switch T_openParenthesis COND T_closedParanthesis SWITCHBODY

   13 ELSECHAIN: T_else T_if T_openParenthesis COND T_closedParanthesis LOOPBODY ELSECHAIN
   14          | T_else LOOPBODY
   15          | %empty

   16 LOOPBODY: T_openFlowerBracket C T_closedFlowerBracket
   17         | T_Semicolon
   18         | statement T_Semicolon

   19 SWITCHBODY: T_openFlowerBracket CASES T_closedFlowerBracket
   20           | T_Semicolon
   21           | statement T_Semicolon

   22 CASES: T_case CASEVAL
   23      | T_Semicolon
   24      | statement T_Semicolon
   25      | T_default T_colon DEFCASEC
   26      | %empty

   27 statement: ASSIGN_EXPR
   28          | ARITH_EXPR
   29          | PRINT
   30          | T_break

   31 COND: LIT RELOP LIT
   32     | LIT
   33     | LIT RELOP LIT bin_boolop LIT RELOP LIT
   34     | un_boolop T_openParenthesis LIT RELOP LIT T_closedParanthesis
   35     | un_boolop LIT RELOP LIT
   36     | LIT bin_boolop LIT
   37     | un_boolop T_openParenthesis LIT T_closedParanthesis
   38     | un_boolop LIT

   39 ASSIGN_EXPR: T_identifier T_AssignmentOperator ARITH_EXPR
   40            | T_type T_identifier T_AssignmentOperator ARITH_EXPR

   41 ARITH_EXPR: LIT
   42           | LIT bin_arop ARITH_EXPR
   43           | LIT bin_boolop ARITH_EXPR
   44           | LIT un_arop
   45           | un_arop ARITH_EXPR
   46           | un_boolop ARITH_EXPR

   47 PRINT: T_cout T_less T_less T_stringLiteral
   48      | T_cout T_less T_less T_stringLiteral T_less T_less T_endl

   49 CASEVAL: LIT T_colon CASEC

   50 CASEC: C
   51      | T_case CASEVAL
   52      | C T_case CASEVAL
   53      | T_default T_colon DEFCASEC
   54      | C T_default T_colon DEFCASEC

   55 DEFCASEVAL: LIT T_colon DEFCASEC

   56 DEFCASEC: C
   57         | T_case DEFCASEVAL
   58         | C T_case DEFCASEVAL

   59 LIT: T_identifier
   60    | T_numericConstants
   61    | T_intVal
   62    | T_floatVal
   63    | T_doubleVal
   64    | T_longVal
   65    | T_stringLiteral
   66    | T_character

   67 RELOP: T_less
   68      | T_greater
   69      | T_less_equal
   70      | T_greater_equal
   71      | T_not_equal
   72      | T_equal_equal

   73 bin_arop: T_plus
   74         | T_minus
   75         | T_multiply
   76         | T_divide

   77 bin_boolop: T_LogicalAnd
   78           | T_LogicalOr

   79 un_arop: T_incr
   80        | T_decr

   81 un_boolop: T_LogicalNot


Terminals, with rules where they appear

    $end (0) 0
    error (256)
    T_keyword <s> (258)
    T_int <s> (259)
    T_main <s> (260) 4
    T_type <s> (261) 4 40
    T_return <s> (262)
    T_for <s> (263)
    T_if <s> (264) 11 13
    T_else <s> (265) 13 14
    T_while <s> (266)
    T_InputStream <s> (267)
    T_OutputStream <s> (268)
    T_cout <s> (269) 47 48
    T_endl <s> (270) 48
    T_cin <s> (271)
    T_openParenthesis <s> (272) 4 11 12 13 34 37
    T_closedParanthesis <s> (273) 4 11 12 13 34 37
    T_openFlowerBracket <s> (274) 5 10 16 19
    T_closedFlowerBracket <s> (275) 5 10 16 19
    T_RelationalOperator <s> (276)
    T_LogicalOperator <s> (277)
    T_UnaryOperator <s> (278)
    T_AssignmentOperator <s> (279) 39 40
    T_Semicolon <s> (280) 6 8 17 18 20 21 23 24
    T_identifier <s> (281) 39 40 59
    T_numericConstants <s> (282) 60
    T_stringLiteral <s> (283) 47 48 65
    T_character <s> (284) 66
    T_plus <s> (285) 73
    T_minus <s> (286) 74
    T_mod <s> (287)
    T_divide <s> (288) 76
    T_multiply <s> (289) 75
    T_incr <s> (290) 79
    T_decr <s> (291) 80
    T_whiteSpace <s> (292)
    T_shortHand <s> (293)
    T_switch <s> (294) 12
    T_case <s> (295) 22 51 52 57 58
    T_break <s> (296) 30
    T_default <s> (297) 25 53 54
    T_struct <s> (298)
    T_class <s> (299)
    T_namespace <s> (300)
    T_array <s> (301)
    T_include <s> (302) 2
    T_comma <s> (303)
    T_dot <s> (304)
    T_colon <s> (305) 25 49 53 54 55
    T_float <s> (306)
    T_double <s> (307)
    T_long <s> (308)
    T_intVal <s> (309) 61
    T_longVal <s> (310) 64
    T_doubleVal <s> (311) 63
    T_floatVal <s> (312) 62
    T_bool <s> (313)
    T_bool_true <s> (314)
    T_bool_false <s> (315)
    T_LogicalAnd (316) 77
    T_LogicalOr (317) 78
    T_LogicalNot (318) 81
    T_less (319) 47 48 67
    T_less_equal (320) 69
    T_greater (321) 68
    T_greater_equal (322) 70
    T_equal_equal (323) 72
    T_not_equal (324) 71


Nonterminals, with rules where they appear

    $accept (70)
        on left: 0
    S (71)
        on left: 1
        on right: 0
    Start (72)
        on left: 2 3
        on right: 1 2
    Main (73)
        on left: 4
        on right: 3
    Body (74)
        on left: 5
        on right: 4
    C (75)
        on left: 6 7 8 9 10
        on right: 5 6 7 10 16 50 52 54 56 58
    LOOPS (76)
        on left: 11 12
        on right: 7 9
    ELSECHAIN (77)
        on left: 13 14 15
        on right: 11 13
    LOOPBODY (78)
        on left: 16 17 18
        on right: 11 13 14
    SWITCHBODY (79)
        on left: 19 20 21
        on right: 12
    CASES (80)
        on left: 22 23 24 25 26
        on right: 19
    statement (81)
        on left: 27 28 29 30
        on right: 6 8 18 21 24
    COND (82)
        on left: 31 32 33 34 35 36 37 38
        on right: 11 12 13
    ASSIGN_EXPR (83)
        on left: 39 40
        on right: 27
    ARITH_EXPR (84)
        on left: 41 42 43 44 45 46
        on right: 28 39 40 42 43 45 46
    PRINT (85)
        on left: 47 48
        on right: 29
    CASEVAL (86)
        on left: 49
        on right: 22 51 52
    CASEC (87)
        on left: 50 51 52 53 54
        on right: 49
    DEFCASEVAL (88)
        on left: 55
        on right: 57 58
    DEFCASEC (89)
        on left: 56 57 58
        on right: 25 53 54 55
    LIT (90)
        on left: 59 60 61 62 63 64 65 66
        on right: 31 32 33 34 35 36 37 38 41 42 43 44 49 55
    RELOP (91)
        on left: 67 68 69 70 71 72
        on right: 31 33 34 35
    bin_arop (92)
        on left: 73 74 75 76
        on right: 42
    bin_boolop (93)
        on left: 77 78
        on right: 33 36 43
    un_arop (94)
        on left: 79 80
        on right: 44 45
    un_boolop (95)
        on left: 81
        on right: 34 35 37 38 46


State 0

    0 $accept: • S $end

    T_type     shift, and go to state 1
    T_include  shift, and go to state 2

    S      go to state 3
    Start  go to state 4
    Main   go to state 5


State 1

    4 Main: T_type • T_main T_openParenthesis T_closedParanthesis Body

    T_main  shift, and go to state 6


State 2

    2 Start: T_include • Start

    T_type     shift, and go to state 1
    T_include  shift, and go to state 2

    Start  go to state 7
    Main   go to state 5


State 3

    0 $accept: S • $end

    $end  shift, and go to state 8


State 4

    1 S: Start •

    $default  reduce using rule 1 (S)


State 5

    3 Start: Main •

    $default  reduce using rule 3 (Start)


State 6

    4 Main: T_type T_main • T_openParenthesis T_closedParanthesis Body

    T_openParenthesis  shift, and go to state 9


State 7

    2 Start: T_include Start •

    $default  reduce using rule 2 (Start)


State 8

    0 $accept: S $end •

    $default  accept


State 9

    4 Main: T_type T_main T_openParenthesis • T_closedParanthesis Body

    T_closedParanthesis  shift, and go to state 10


State 10

    4 Main: T_type T_main T_openParenthesis T_closedParanthesis • Body

    T_openFlowerBracket  shift, and go to state 11

    Body  go to state 12


State 11

    5 Body: T_openFlowerBracket • C T_closedFlowerBracket

    T_type               shift, and go to state 13
    T_if                 shift, and go to state 14
    T_cout               shift, and go to state 15
    T_openFlowerBracket  shift, and go to state 16
    T_identifier         shift, and go to state 17
    T_numericConstants   shift, and go to state 18
    T_stringLiteral      shift, and go to state 19
    T_character          shift, and go to state 20
    T_incr               shift, and go to state 21
    T_decr               shift, and go to state 22
    T_switch             shift, and go to state 23
    T_break              shift, and go to state 24
    T_intVal             shift, and go to state 25
    T_longVal            shift, and go to state 26
    T_doubleVal          shift, and go to state 27
    T_floatVal           shift, and go to state 28
    T_LogicalNot         shift, and go to state 29

    C            go to state 30
    LOOPS        go to state 31
    statement    go to state 32
    ASSIGN_EXPR  go to state 33
    ARITH_EXPR   go to state 34
    PRINT        go to state 35
    LIT          go to state 36
    un_arop      go to state 37
    un_boolop    go to state 38


State 12

    4 Main: T_type T_main T_openParenthesis T_closedParanthesis Body •

    $default  reduce using rule 4 (Main)


State 13

   40 ASSIGN_EXPR: T_type • T_identifier T_AssignmentOperator ARITH_EXPR

    T_identifier  shift, and go to state 39


State 14

   11 LOOPS: T_if • T_openParenthesis COND T_closedParanthesis LOOPBODY ELSECHAIN

    T_openParenthesis  shift, and go to state 40


State 15

   47 PRINT: T_cout • T_less T_less T_stringLiteral
   48      | T_cout • T_less T_less T_stringLiteral T_less T_less T_endl

    T_less  shift, and go to state 41


State 16

   10 C: T_openFlowerBracket • C T_closedFlowerBracket

    T_type               shift, and go to state 13
    T_if                 shift, and go to state 14
    T_cout               shift, and go to state 15
    T_openFlowerBracket  shift, and go to state 16
    T_identifier         shift, and go to state 17
    T_numericConstants   shift, and go to state 18
    T_stringLiteral      shift, and go to state 19
    T_character          shift, and go to state 20
    T_incr               shift, and go to state 21
    T_decr               shift, and go to state 22
    T_switch             shift, and go to state 23
    T_break              shift, and go to state 24
    T_intVal             shift, and go to state 25
    T_longVal            shift, and go to state 26
    T_doubleVal          shift, and go to state 27
    T_floatVal           shift, and go to state 28
    T_LogicalNot         shift, and go to state 29

    C            go to state 42
    LOOPS        go to state 31
    statement    go to state 32
    ASSIGN_EXPR  go to state 33
    ARITH_EXPR   go to state 34
    PRINT        go to state 35
    LIT          go to state 36
    un_arop      go to state 37
    un_boolop    go to state 38


State 17

   39 ASSIGN_EXPR: T_identifier • T_AssignmentOperator ARITH_EXPR
   59 LIT: T_identifier •

    T_AssignmentOperator  shift, and go to state 43

    $default  reduce using rule 59 (LIT)


State 18

   60 LIT: T_numericConstants •

    $default  reduce using rule 60 (LIT)


State 19

   65 LIT: T_stringLiteral •

    $default  reduce using rule 65 (LIT)


State 20

   66 LIT: T_character •

    $default  reduce using rule 66 (LIT)


State 21

   79 un_arop: T_incr •

    $default  reduce using rule 79 (un_arop)


State 22

   80 un_arop: T_decr •

    $default  reduce using rule 80 (un_arop)


State 23

   12 LOOPS: T_switch • T_openParenthesis COND T_closedParanthesis SWITCHBODY

    T_openParenthesis  shift, and go to state 44


State 24

   30 statement: T_break •

    $default  reduce using rule 30 (statement)


State 25

   61 LIT: T_intVal •

    $default  reduce using rule 61 (LIT)


State 26

   64 LIT: T_longVal •

    $default  reduce using rule 64 (LIT)


State 27

   63 LIT: T_doubleVal •

    $default  reduce using rule 63 (LIT)


State 28

   62 LIT: T_floatVal •

    $default  reduce using rule 62 (LIT)


State 29

   81 un_boolop: T_LogicalNot •

    $default  reduce using rule 81 (un_boolop)


State 30

    5 Body: T_openFlowerBracket C • T_closedFlowerBracket
    6 C: C • statement T_Semicolon
    7  | C • LOOPS

    T_type                 shift, and go to state 13
    T_if                   shift, and go to state 14
    T_cout                 shift, and go to state 15
    T_closedFlowerBracket  shift, and go to state 45
    T_identifier           shift, and go to state 17
    T_numericConstants     shift, and go to state 18
    T_stringLiteral        shift, and go to state 19
    T_character            shift, and go to state 20
    T_incr                 shift, and go to state 21
    T_decr                 shift, and go to state 22
    T_switch               shift, and go to state 23
    T_break                shift, and go to state 24
    T_intVal               shift, and go to state 25
    T_longVal              shift, and go to state 26
    T_doubleVal            shift, and go to state 27
    T_floatVal             shift, and go to state 28
    T_LogicalNot           shift, and go to state 29

    LOOPS        go to state 46
    statement    go to state 47
    ASSIGN_EXPR  go to state 33
    ARITH_EXPR   go to state 34
    PRINT        go to state 35
    LIT          go to state 36
    un_arop      go to state 37
    un_boolop    go to state 38


State 31

    9 C: LOOPS •

    $default  reduce using rule 9 (C)


State 32

    8 C: statement • T_Semicolon

    T_Semicolon  shift, and go to state 48


State 33

   27 statement: ASSIGN_EXPR •

    $default  reduce using rule 27 (statement)


State 34

   28 statement: ARITH_EXPR •

    $default  reduce using rule 28 (statement)


State 35

   29 statement: PRINT •

    $default  reduce using rule 29 (statement)


State 36

   41 ARITH_EXPR: LIT •
   42           | LIT • bin_arop ARITH_EXPR
   43           | LIT • bin_boolop ARITH_EXPR
   44           | LIT • un_arop

    T_plus        shift, and go to state 49
    T_minus       shift, and go to state 50
    T_divide      shift, and go to state 51
    T_multiply    shift, and go to state 52
    T_incr        shift, and go to state 21
    T_decr        shift, and go to state 22
    T_LogicalAnd  shift, and go to state 53
    T_LogicalOr   shift, and go to state 54

    $default  reduce using rule 41 (ARITH_EXPR)

    bin_arop    go to state 55
    bin_boolop  go to state 56
    un_arop     go to state 57


State 37

   45 ARITH_EXPR: un_arop • ARITH_EXPR

    T_identifier        shift, and go to state 58
    T_numericConstants  shift, and go to state 18
    T_stringLiteral     shift, and go to state 19
    T_character         shift, and go to state 20
    T_incr              shift, and go to state 21
    T_decr              shift, and go to state 22
    T_intVal            shift, and go to state 25
    T_longVal           shift, and go to state 26
    T_doubleVal         shift, and go to state 27
    T_floatVal          shift, and go to state 28
    T_LogicalNot        shift, and go to state 29

    ARITH_EXPR  go to state 59
    LIT         go to state 36
    un_arop     go to state 37
    un_boolop   go to state 38


State 38

   46 ARITH_EXPR: un_boolop • ARITH_EXPR

    T_identifier        shift, and go to state 58
    T_numericConstants  shift, and go to state 18
    T_stringLiteral     shift, and go to state 19
    T_character         shift, and go to state 20
    T_incr              shift, and go to state 21
    T_decr              shift, and go to state 22
    T_intVal            shift, and go to state 25
    T_longVal           shift, and go to state 26
    T_doubleVal         shift, and go to state 27
    T_floatVal          shift, and go to state 28
    T_LogicalNot        shift, and go to state 29

    ARITH_EXPR  go to state 60
    LIT         go to state 36
    un_arop     go to state 37
    un_boolop   go to state 38


State 39

   40 ASSIGN_EXPR: T_type T_identifier • T_AssignmentOperator ARITH_EXPR

    T_AssignmentOperator  shift, and go to state 61


State 40

   11 LOOPS: T_if T_openParenthesis • COND T_closedParanthesis LOOPBODY ELSECHAIN

    T_identifier        shift, and go to state 58
    T_numericConstants  shift, and go to state 18
    T_stringLiteral     shift, and go to state 19
    T_character         shift, and go to state 20
    T_intVal            shift, and go to state 25
    T_longVal           shift, and go to state 26
    T_doubleVal         shift, and go to state 27
    T_floatVal          shift, and go to state 28
    T_LogicalNot        shift, and go to state 29

    COND       go to state 62
    LIT        go to state 63
    un_boolop  go to state 64


State 41

   47 PRINT: T_cout T_less • T_less T_stringLiteral
   48      | T_cout T_less • T_less T_stringLiteral T_less T_less T_endl

    T_less  shift, and go to state 65


State 42

    6 C: C • statement T_Semicolon
    7  | C • LOOPS
   10  | T_openFlowerBracket C • T_closedFlowerBracket

    T_type                 shift, and go to state 13
    T_if                   shift, and go to state 14
    T_cout                 shift, and go to state 15
    T_closedFlowerBracket  shift, and go to state 66
    T_identifier           shift, and go to state 17
    T_numericConstants     shift, and go to state 18
    T_stringLiteral        shift, and go to state 19
    T_character            shift, and go to state 20
    T_incr                 shift, and go to state 21
    T_decr                 shift, and go to state 22
    T_switch               shift, and go to state 23
    T_break                shift, and go to state 24
    T_intVal               shift, and go to state 25
    T_longVal              shift, and go to state 26
    T_doubleVal            shift, and go to state 27
    T_floatVal             shift, and go to state 28
    T_LogicalNot           shift, and go to state 29

    LOOPS        go to state 46
    statement    go to state 47
    ASSIGN_EXPR  go to state 33
    ARITH_EXPR   go to state 34
    PRINT        go to state 35
    LIT          go to state 36
    un_arop      go to state 37
    un_boolop    go to state 38


State 43

   39 ASSIGN_EXPR: T_identifier T_AssignmentOperator • ARITH_EXPR

    T_identifier        shift, and go to state 58
    T_numericConstants  shift, and go to state 18
    T_stringLiteral     shift, and go to state 19
    T_character         shift, and go to state 20
    T_incr              shift, and go to state 21
    T_decr              shift, and go to state 22
    T_intVal            shift, and go to state 25
    T_longVal           shift, and go to state 26
    T_doubleVal         shift, and go to state 27
    T_floatVal          shift, and go to state 28
    T_LogicalNot        shift, and go to state 29

    ARITH_EXPR  go to state 67
    LIT         go to state 36
    un_arop     go to state 37
    un_boolop   go to state 38


State 44

   12 LOOPS: T_switch T_openParenthesis • COND T_closedParanthesis SWITCHBODY

    T_identifier        shift, and go to state 58
    T_numericConstants  shift, and go to state 18
    T_stringLiteral     shift, and go to state 19
    T_character         shift, and go to state 20
    T_intVal            shift, and go to state 25
    T_longVal           shift, and go to state 26
    T_doubleVal         shift, and go to state 27
    T_floatVal          shift, and go to state 28
    T_LogicalNot        shift, and go to state 29

    COND       go to state 68
    LIT        go to state 63
    un_boolop  go to state 64


State 45

    5 Body: T_openFlowerBracket C T_closedFlowerBracket •

    $default  reduce using rule 5 (Body)


State 46

    7 C: C LOOPS •

    $default  reduce using rule 7 (C)


State 47

    6 C: C statement • T_Semicolon

    T_Semicolon  shift, and go to state 69


State 48

    8 C: statement T_Semicolon •

    $default  reduce using rule 8 (C)


State 49

   73 bin_arop: T_plus •

    $default  reduce using rule 73 (bin_arop)


State 50

   74 bin_arop: T_minus •

    $default  reduce using rule 74 (bin_arop)


State 51

   76 bin_arop: T_divide •

    $default  reduce using rule 76 (bin_arop)


State 52

   75 bin_arop: T_multiply •

    $default  reduce using rule 75 (bin_arop)


State 53

   77 bin_boolop: T_LogicalAnd •

    $default  reduce using rule 77 (bin_boolop)


State 54

   78 bin_boolop: T_LogicalOr •

    $default  reduce using rule 78 (bin_boolop)


State 55

   42 ARITH_EXPR: LIT bin_arop • ARITH_EXPR

    T_identifier        shift, and go to state 58
    T_numericConstants  shift, and go to state 18
    T_stringLiteral     shift, and go to state 19
    T_character         shift, and go to state 20
    T_incr              shift, and go to state 21
    T_decr              shift, and go to state 22
    T_intVal            shift, and go to state 25
    T_longVal           shift, and go to state 26
    T_doubleVal         shift, and go to state 27
    T_floatVal          shift, and go to state 28
    T_LogicalNot        shift, and go to state 29

    ARITH_EXPR  go to state 70
    LIT         go to state 36
    un_arop     go to state 37
    un_boolop   go to state 38


State 56

   43 ARITH_EXPR: LIT bin_boolop • ARITH_EXPR

    T_identifier        shift, and go to state 58
    T_numericConstants  shift, and go to state 18
    T_stringLiteral     shift, and go to state 19
    T_character         shift, and go to state 20
    T_incr              shift, and go to state 21
    T_decr              shift, and go to state 22
    T_intVal            shift, and go to state 25
    T_longVal           shift, and go to state 26
    T_doubleVal         shift, and go to state 27
    T_floatVal          shift, and go to state 28
    T_LogicalNot        shift, and go to state 29

    ARITH_EXPR  go to state 71
    LIT         go to state 36
    un_arop     go to state 37
    un_boolop   go to state 38


State 57

   44 ARITH_EXPR: LIT un_arop •

    $default  reduce using rule 44 (ARITH_EXPR)


State 58

   59 LIT: T_identifier •

    $default  reduce using rule 59 (LIT)


State 59

   45 ARITH_EXPR: un_arop ARITH_EXPR •

    $default  reduce using rule 45 (ARITH_EXPR)


State 60

   46 ARITH_EXPR: un_boolop ARITH_EXPR •

    $default  reduce using rule 46 (ARITH_EXPR)


State 61

   40 ASSIGN_EXPR: T_type T_identifier T_AssignmentOperator • ARITH_EXPR

    T_identifier        shift, and go to state 58
    T_numericConstants  shift, and go to state 18
    T_stringLiteral     shift, and go to state 19
    T_character         shift, and go to state 20
    T_incr              shift, and go to state 21
    T_decr              shift, and go to state 22
    T_intVal            shift, and go to state 25
    T_longVal           shift, and go to state 26
    T_doubleVal         shift, and go to state 27
    T_floatVal          shift, and go to state 28
    T_LogicalNot        shift, and go to state 29

    ARITH_EXPR  go to state 72
    LIT         go to state 36
    un_arop     go to state 37
    un_boolop   go to state 38


State 62

   11 LOOPS: T_if T_openParenthesis COND • T_closedParanthesis LOOPBODY ELSECHAIN

    T_closedParanthesis  shift, and go to state 73


State 63

   31 COND: LIT • RELOP LIT
   32     | LIT •
   33     | LIT • RELOP LIT bin_boolop LIT RELOP LIT
   36     | LIT • bin_boolop LIT

    T_LogicalAnd     shift, and go to state 53
    T_LogicalOr      shift, and go to state 54
    T_less           shift, and go to state 74
    T_less_equal     shift, and go to state 75
    T_greater        shift, and go to state 76
    T_greater_equal  shift, and go to state 77
    T_equal_equal    shift, and go to state 78
    T_not_equal      shift, and go to state 79

    $default  reduce using rule 32 (COND)

    RELOP       go to state 80
    bin_boolop  go to state 81


State 64

   34 COND: un_boolop • T_openParenthesis LIT RELOP LIT T_closedParanthesis
   35     | un_boolop • LIT RELOP LIT
   37     | un_boolop • T_openParenthesis LIT T_closedParanthesis
   38     | un_boolop • LIT

    T_openParenthesis   shift, and go to state 82
    T_identifier        shift, and go to state 58
    T_numericConstants  shift, and go to state 18
    T_stringLiteral     shift, and go to state 19
    T_character         shift, and go to state 20
    T_intVal            shift, and go to state 25
    T_longVal           shift, and go to state 26
    T_doubleVal         shift, and go to state 27
    T_floatVal          shift, and go to state 28

    LIT  go to state 83


State 65

   47 PRINT: T_cout T_less T_less • T_stringLiteral
   48      | T_cout T_less T_less • T_stringLiteral T_less T_less T_endl

    T_stringLiteral  shift, and go to state 84


State 66

   10 C: T_openFlowerBracket C T_closedFlowerBracket •

    $default  reduce using rule 10 (C)


State 67

   39 ASSIGN_EXPR: T_identifier T_AssignmentOperator ARITH_EXPR •

    $default  reduce using rule 39 (ASSIGN_EXPR)


State 68

   12 LOOPS: T_switch T_openParenthesis COND • T_closedParanthesis SWITCHBODY

    T_closedParanthesis  shift, and go to state 85


State 69

    6 C: C statement T_Semicolon •

    $default  reduce using rule 6 (C)


State 70

   42 ARITH_EXPR: LIT bin_arop ARITH_EXPR •

    $default  reduce using rule 42 (ARITH_EXPR)


State 71

   43 ARITH_EXPR: LIT bin_boolop ARITH_EXPR •

    $default  reduce using rule 43 (ARITH_EXPR)


State 72

   40 ASSIGN_EXPR: T_type T_identifier T_AssignmentOperator ARITH_EXPR •

    $default  reduce using rule 40 (ASSIGN_EXPR)


State 73

   11 LOOPS: T_if T_openParenthesis COND T_closedParanthesis • LOOPBODY ELSECHAIN

    T_type               shift, and go to state 13
    T_cout               shift, and go to state 15
    T_openFlowerBracket  shift, and go to state 86
    T_Semicolon          shift, and go to state 87
    T_identifier         shift, and go to state 17
    T_numericConstants   shift, and go to state 18
    T_stringLiteral      shift, and go to state 19
    T_character          shift, and go to state 20
    T_incr               shift, and go to state 21
    T_decr               shift, and go to state 22
    T_break              shift, and go to state 24
    T_intVal             shift, and go to state 25
    T_longVal            shift, and go to state 26
    T_doubleVal          shift, and go to state 27
    T_floatVal           shift, and go to state 28
    T_LogicalNot         shift, and go to state 29

    LOOPBODY     go to state 88
    statement    go to state 89
    ASSIGN_EXPR  go to state 33
    ARITH_EXPR   go to state 34
    PRINT        go to state 35
    LIT          go to state 36
    un_arop      go to state 37
    un_boolop    go to state 38


State 74

   67 RELOP: T_less •

    $default  reduce using rule 67 (RELOP)


State 75

   69 RELOP: T_less_equal •

    $default  reduce using rule 69 (RELOP)


State 76

   68 RELOP: T_greater •

    $default  reduce using rule 68 (RELOP)


State 77

   70 RELOP: T_greater_equal •

    $default  reduce using rule 70 (RELOP)


State 78

   72 RELOP: T_equal_equal •

    $default  reduce using rule 72 (RELOP)


State 79

   71 RELOP: T_not_equal •

    $default  reduce using rule 71 (RELOP)


State 80

   31 COND: LIT RELOP • LIT
   33     | LIT RELOP • LIT bin_boolop LIT RELOP LIT

    T_identifier        shift, and go to state 58
    T_numericConstants  shift, and go to state 18
    T_stringLiteral     shift, and go to state 19
    T_character         shift, and go to state 20
    T_intVal            shift, and go to state 25
    T_longVal           shift, and go to state 26
    T_doubleVal         shift, and go to state 27
    T_floatVal          shift, and go to state 28

    LIT  go to state 90


State 81

   36 COND: LIT bin_boolop • LIT

    T_identifier        shift, and go to state 58
    T_numericConstants  shift, and go to state 18
    T_stringLiteral     shift, and go to state 19
    T_character         shift, and go to state 20
    T_intVal            shift, and go to state 25
    T_longVal           shift, and go to state 26
    T_doubleVal         shift, and go to state 27
    T_floatVal          shift, and go to state 28

    LIT  go to state 91


State 82

   34 COND: un_boolop T_openParenthesis • LIT RELOP LIT T_closedParanthesis
   37     | un_boolop T_openParenthesis • LIT T_closedParanthesis

    T_identifier        shift, and go to state 58
    T_numericConstants  shift, and go to state 18
    T_stringLiteral     shift, and go to state 19
    T_character         shift, and go to state 20
    T_intVal            shift, and go to state 25
    T_longVal           shift, and go to state 26
    T_doubleVal         shift, and go to state 27
    T_floatVal          shift, and go to state 28

    LIT  go to state 92


State 83

   35 COND: un_boolop LIT • RELOP LIT
   38     | un_boolop LIT •

    T_less           shift, and go to state 74
    T_less_equal     shift, and go to state 75
    T_greater        shift, and go to state 76
    T_greater_equal  shift, and go to state 77
    T_equal_equal    shift, and go to state 78
    T_not_equal      shift, and go to state 79

    $default  reduce using rule 38 (COND)

    RELOP  go to state 93


State 84

   47 PRINT: T_cout T_less T_less T_stringLiteral •
   48      | T_cout T_less T_less T_stringLiteral • T_less T_less T_endl

    T_less  shift, and go to state 94

    $default  reduce using rule 47 (PRINT)


State 85

   12 LOOPS: T_switch T_openParenthesis COND T_closedParanthesis • SWITCHBODY

    T_type               shift, and go to state 13
    T_cout               shift, and go to state 15
    T_openFlowerBracket  shift, and go to state 95
    T_Semicolon          shift, and go to state 96
    T_identifier         shift, and go to state 17
    T_numericConstants   shift, and go to state 18
    T_stringLiteral      shift, and go to state 19
    T_character          shift, and go to state 20
    T_incr               shift, and go to state 21
    T_decr               shift, and go to state 22
    T_break              shift, and go to state 24
    T_intVal             shift, and go to state 25
    T_longVal            shift, and go to state 26
    T_doubleVal          shift, and go to state 27
    T_floatVal           shift, and go to state 28
    T_LogicalNot         shift, and go to state 29

    SWITCHBODY   go to state 97
    statement    go to state 98
    ASSIGN_EXPR  go to state 33
    ARITH_EXPR   go to state 34
    PRINT        go to state 35
    LIT          go to state 36
    un_arop      go to state 37
    un_boolop    go to state 38


State 86

   16 LOOPBODY: T_openFlowerBracket • C T_closedFlowerBracket

    T_type               shift, and go to state 13
    T_if                 shift, and go to state 14
    T_cout               shift, and go to state 15
    T_openFlowerBracket  shift, and go to state 16
    T_identifier         shift, and go to state 17
    T_numericConstants   shift, and go to state 18
    T_stringLiteral      shift, and go to state 19
    T_character          shift, and go to state 20
    T_incr               shift, and go to state 21
    T_decr               shift, and go to state 22
    T_switch             shift, and go to state 23
    T_break              shift, and go to state 24
    T_intVal             shift, and go to state 25
    T_longVal            shift, and go to state 26
    T_doubleVal          shift, and go to state 27
    T_floatVal           shift, and go to state 28
    T_LogicalNot         shift, and go to state 29

    C            go to state 99
    LOOPS        go to state 31
    statement    go to state 32
    ASSIGN_EXPR  go to state 33
    ARITH_EXPR   go to state 34
    PRINT        go to state 35
    LIT          go to state 36
    un_arop      go to state 37
    un_boolop    go to state 38


State 87

   17 LOOPBODY: T_Semicolon •

    $default  reduce using rule 17 (LOOPBODY)


State 88

   11 LOOPS: T_if T_openParenthesis COND T_closedParanthesis LOOPBODY • ELSECHAIN

    T_else  shift, and go to state 100

    $default  reduce using rule 15 (ELSECHAIN)

    ELSECHAIN  go to state 101


State 89

   18 LOOPBODY: statement • T_Semicolon

    T_Semicolon  shift, and go to state 102


State 90

   31 COND: LIT RELOP LIT •
   33     | LIT RELOP LIT • bin_boolop LIT RELOP LIT

    T_LogicalAnd  shift, and go to state 53
    T_LogicalOr   shift, and go to state 54

    $default  reduce using rule 31 (COND)

    bin_boolop  go to state 103


State 91

   36 COND: LIT bin_boolop LIT •

    $default  reduce using rule 36 (COND)


State 92

   34 COND: un_boolop T_openParenthesis LIT • RELOP LIT T_closedParanthesis
   37     | un_boolop T_openParenthesis LIT • T_closedParanthesis

    T_closedParanthesis  shift, and go to state 104
    T_less               shift, and go to state 74
    T_less_equal         shift, and go to state 75
    T_greater            shift, and go to state 76
    T_greater_equal      shift, and go to state 77
    T_equal_equal        shift, and go to state 78
    T_not_equal          shift, and go to state 79

    RELOP  go to state 105


State 93

   35 COND: un_boolop LIT RELOP • LIT

    T_identifier        shift, and go to state 58
    T_numericConstants  shift, and go to state 18
    T_stringLiteral     shift, and go to state 19
    T_character         shift, and go to state 20
    T_intVal            shift, and go to state 25
    T_longVal           shift, and go to state 26
    T_doubleVal         shift, and go to state 27
    T_floatVal          shift, and go to state 28

    LIT  go to state 106


State 94

   48 PRINT: T_cout T_less T_less T_stringLiteral T_less • T_less T_endl

    T_less  shift, and go to state 107


State 95

   19 SWITCHBODY: T_openFlowerBracket • CASES T_closedFlowerBracket

    T_type              shift, and go to state 13
    T_cout              shift, and go to state 15
    T_Semicolon         shift, and go to state 108
    T_identifier        shift, and go to state 17
    T_numericConstants  shift, and go to state 18
    T_stringLiteral     shift, and go to state 19
    T_character         shift, and go to state 20
    T_incr              shift, and go to state 21
    T_decr              shift, and go to state 22
    T_case              shift, and go to state 109
    T_break             shift, and go to state 24
    T_default           shift, and go to state 110
    T_intVal            shift, and go to state 25
    T_longVal           shift, and go to state 26
    T_doubleVal         shift, and go to state 27
    T_floatVal          shift, and go to state 28
    T_LogicalNot        shift, and go to state 29

    $default  reduce using rule 26 (CASES)

    CASES        go to state 111
    statement    go to state 112
    ASSIGN_EXPR  go to state 33
    ARITH_EXPR   go to state 34
    PRINT        go to state 35
    LIT          go to state 36
    un_arop      go to state 37
    un_boolop    go to state 38


State 96

   20 SWITCHBODY: T_Semicolon •

    $default  reduce using rule 20 (SWITCHBODY)


State 97

   12 LOOPS: T_switch T_openParenthesis COND T_closedParanthesis SWITCHBODY •

    $default  reduce using rule 12 (LOOPS)


State 98

   21 SWITCHBODY: statement • T_Semicolon

    T_Semicolon  shift, and go to state 113


State 99

    6 C: C • statement T_Semicolon
    7  | C • LOOPS
   16 LOOPBODY: T_openFlowerBracket C • T_closedFlowerBracket

    T_type                 shift, and go to state 13
    T_if                   shift, and go to state 14
    T_cout                 shift, and go to state 15
    T_closedFlowerBracket  shift, and go to state 114
    T_identifier           shift, and go to state 17
    T_numericConstants     shift, and go to state 18
    T_stringLiteral        shift, and go to state 19
    T_character            shift, and go to state 20
    T_incr                 shift, and go to state 21
    T_decr                 shift, and go to state 22
    T_switch               shift, and go to state 23
    T_break                shift, and go to state 24
    T_intVal               shift, and go to state 25
    T_longVal              shift, and go to state 26
    T_doubleVal            shift, and go to state 27
    T_floatVal             shift, and go to state 28
    T_LogicalNot           shift, and go to state 29

    LOOPS        go to state 46
    statement    go to state 47
    ASSIGN_EXPR  go to state 33
    ARITH_EXPR   go to state 34
    PRINT        go to state 35
    LIT          go to state 36
    un_arop      go to state 37
    un_boolop    go to state 38


State 100

   13 ELSECHAIN: T_else • T_if T_openParenthesis COND T_closedParanthesis LOOPBODY ELSECHAIN
   14          | T_else • LOOPBODY

    T_type               shift, and go to state 13
    T_if                 shift, and go to state 115
    T_cout               shift, and go to state 15
    T_openFlowerBracket  shift, and go to state 86
    T_Semicolon          shift, and go to state 87
    T_identifier         shift, and go to state 17
    T_numericConstants   shift, and go to state 18
    T_stringLiteral      shift, and go to state 19
    T_character          shift, and go to state 20
    T_incr               shift, and go to state 21
    T_decr               shift, and go to state 22
    T_break              shift, and go to state 24
    T_intVal             shift, and go to state 25
    T_longVal            shift, and go to state 26
    T_doubleVal          shift, and go to state 27
    T_floatVal           shift, and go to state 28
    T_LogicalNot         shift, and go to state 29

    LOOPBODY     go to state 116
    statement    go to state 89
    ASSIGN_EXPR  go to state 33
    ARITH_EXPR   go to state 34
    PRINT        go to state 35
    LIT          go to state 36
    un_arop      go to state 37
    un_boolop    go to state 38


State 101

   11 LOOPS: T_if T_openParenthesis COND T_closedParanthesis LOOPBODY ELSECHAIN •

    $default  reduce using rule 11 (LOOPS)


State 102

   18 LOOPBODY: statement T_Semicolon •

    $default  reduce using rule 18 (LOOPBODY)


State 103

   33 COND: LIT RELOP LIT bin_boolop • LIT RELOP LIT

    T_identifier        shift, and go to state 58
    T_numericConstants  shift, and go to state 18
    T_stringLiteral     shift, and go to state 19
    T_character         shift, and go to state 20
    T_intVal            shift, and go to state 25
    T_longVal           shift, and go to state 26
    T_doubleVal         shift, and go to state 27
    T_floatVal          shift, and go to state 28

    LIT  go to state 117


State 104

   37 COND: un_boolop T_openParenthesis LIT T_closedParanthesis •

    $default  reduce using rule 37 (COND)


State 105

   34 COND: un_boolop T_openParenthesis LIT RELOP • LIT T_closedParanthesis

    T_identifier        shift, and go to state 58
    T_numericConstants  shift, and go to state 18
    T_stringLiteral     shift, and go to state 19
    T_character         shift, and go to state 20
    T_intVal            shift, and go to state 25
    T_longVal           shift, and go to state 26
    T_doubleVal         shift, and go to state 27
    T_floatVal          shift, and go to state 28

    LIT  go to state 118


State 106

   35 COND: un_boolop LIT RELOP LIT •

    $default  reduce using rule 35 (COND)


State 107

   48 PRINT: T_cout T_less T_less T_stringLiteral T_less T_less • T_endl

    T_endl  shift, and go to state 119


State 108

   23 CASES: T_Semicolon •

    $default  reduce using rule 23 (CASES)


State 109

   22 CASES: T_case • CASEVAL

    T_identifier        shift, and go to state 58
    T_numericConstants  shift, and go to state 18
    T_stringLiteral     shift, and go to state 19
    T_character         shift, and go to state 20
    T_intVal            shift, and go to state 25
    T_longVal           shift, and go to state 26
    T_doubleVal         shift, and go to state 27
    T_floatVal          shift, and go to state 28

    CASEVAL  go to state 120
    LIT      go to state 121


State 110

   25 CASES: T_default • T_colon DEFCASEC

    T_colon  shift, and go to state 122


State 111

   19 SWITCHBODY: T_openFlowerBracket CASES • T_closedFlowerBracket

    T_closedFlowerBracket  shift, and go to state 123


State 112

   24 CASES: statement • T_Semicolon

    T_Semicolon  shift, and go to state 124


State 113

   21 SWITCHBODY: statement T_Semicolon •

    $default  reduce using rule 21 (SWITCHBODY)


State 114

   16 LOOPBODY: T_openFlowerBracket C T_closedFlowerBracket •

    $default  reduce using rule 16 (LOOPBODY)


State 115

   13 ELSECHAIN: T_else T_if • T_openParenthesis COND T_closedParanthesis LOOPBODY ELSECHAIN

    T_openParenthesis  shift, and go to state 125


State 116

   14 ELSECHAIN: T_else LOOPBODY •

    $default  reduce using rule 14 (ELSECHAIN)


State 117

   33 COND: LIT RELOP LIT bin_boolop LIT • RELOP LIT

    T_less           shift, and go to state 74
    T_less_equal     shift, and go to state 75
    T_greater        shift, and go to state 76
    T_greater_equal  shift, and go to state 77
    T_equal_equal    shift, and go to state 78
    T_not_equal      shift, and go to state 79

    RELOP  go to state 126


State 118

   34 COND: un_boolop T_openParenthesis LIT RELOP LIT • T_closedParanthesis

    T_closedParanthesis  shift, and go to state 127


State 119

   48 PRINT: T_cout T_less T_less T_stringLiteral T_less T_less T_endl •

    $default  reduce using rule 48 (PRINT)


State 120

   22 CASES: T_case CASEVAL •

    $default  reduce using rule 22 (CASES)


State 121

   49 CASEVAL: LIT • T_colon CASEC

    T_colon  shift, and go to state 128


State 122

   25 CASES: T_default T_colon • DEFCASEC

    T_type               shift, and go to state 13
    T_if                 shift, and go to state 14
    T_cout               shift, and go to state 15
    T_openFlowerBracket  shift, and go to state 16
    T_identifier         shift, and go to state 17
    T_numericConstants   shift, and go to state 18
    T_stringLiteral      shift, and go to state 19
    T_character          shift, and go to state 20
    T_incr               shift, and go to state 21
    T_decr               shift, and go to state 22
    T_switch             shift, and go to state 23
    T_case               shift, and go to state 129
    T_break              shift, and go to state 24
    T_intVal             shift, and go to state 25
    T_longVal            shift, and go to state 26
    T_doubleVal          shift, and go to state 27
    T_floatVal           shift, and go to state 28
    T_LogicalNot         shift, and go to state 29

    C            go to state 130
    LOOPS        go to state 31
    statement    go to state 32
    ASSIGN_EXPR  go to state 33
    ARITH_EXPR   go to state 34
    PRINT        go to state 35
    DEFCASEC     go to state 131
    LIT          go to state 36
    un_arop      go to state 37
    un_boolop    go to state 38


State 123

   19 SWITCHBODY: T_openFlowerBracket CASES T_closedFlowerBracket •

    $default  reduce using rule 19 (SWITCHBODY)


State 124

   24 CASES: statement T_Semicolon •

    $default  reduce using rule 24 (CASES)


State 125

   13 ELSECHAIN: T_else T_if T_openParenthesis • COND T_closedParanthesis LOOPBODY ELSECHAIN

    T_identifier        shift, and go to state 58
    T_numericConstants  shift, and go to state 18
    T_stringLiteral     shift, and go to state 19
    T_character         shift, and go to state 20
    T_intVal            shift, and go to state 25
    T_longVal           shift, and go to state 26
    T_doubleVal         shift, and go to state 27
    T_floatVal          shift, and go to state 28
    T_LogicalNot        shift, and go to state 29

    COND       go to state 132
    LIT        go to state 63
    un_boolop  go to state 64


State 126

   33 COND: LIT RELOP LIT bin_boolop LIT RELOP • LIT

    T_identifier        shift, and go to state 58
    T_numericConstants  shift, and go to state 18
    T_stringLiteral     shift, and go to state 19
    T_character         shift, and go to state 20
    T_intVal            shift, and go to state 25
    T_longVal           shift, and go to state 26
    T_doubleVal         shift, and go to state 27
    T_floatVal          shift, and go to state 28

    LIT  go to state 133


State 127

   34 COND: un_boolop T_openParenthesis LIT RELOP LIT T_closedParanthesis •

    $default  reduce using rule 34 (COND)


State 128

   49 CASEVAL: LIT T_colon • CASEC

    T_type               shift, and go to state 13
    T_if                 shift, and go to state 14
    T_cout               shift, and go to state 15
    T_openFlowerBracket  shift, and go to state 16
    T_identifier         shift, and go to state 17
    T_numericConstants   shift, and go to state 18
    T_stringLiteral      shift, and go to state 19
    T_character          shift, and go to state 20
    T_incr               shift, and go to state 21
    T_decr               shift, and go to state 22
    T_switch             shift, and go to state 23
    T_case               shift, and go to state 134
    T_break              shift, and go to state 24
    T_default            shift, and go to state 135
    T_intVal             shift, and go to state 25
    T_longVal            shift, and go to state 26
    T_doubleVal          shift, and go to state 27
    T_floatVal           shift, and go to state 28
    T_LogicalNot         shift, and go to state 29

    C            go to state 136
    LOOPS        go to state 31
    statement    go to state 32
    ASSIGN_EXPR  go to state 33
    ARITH_EXPR   go to state 34
    PRINT        go to state 35
    CASEC        go to state 137
    LIT          go to state 36
    un_arop      go to state 37
    un_boolop    go to state 38


State 129

   57 DEFCASEC: T_case • DEFCASEVAL

    T_identifier        shift, and go to state 58
    T_numericConstants  shift, and go to state 18
    T_stringLiteral     shift, and go to state 19
    T_character         shift, and go to state 20
    T_intVal            shift, and go to state 25
    T_longVal           shift, and go to state 26
    T_doubleVal         shift, and go to state 27
    T_floatVal          shift, and go to state 28

    DEFCASEVAL  go to state 138
    LIT         go to state 139


State 130

    6 C: C • statement T_Semicolon
    7  | C • LOOPS
   56 DEFCASEC: C •
   58         | C • T_case DEFCASEVAL

    T_type              shift, and go to state 13
    T_if                shift, and go to state 14
    T_cout              shift, and go to state 15
    T_identifier        shift, and go to state 17
    T_numericConstants  shift, and go to state 18
    T_stringLiteral     shift, and go to state 19
    T_character         shift, and go to state 20
    T_incr              shift, and go to state 21
    T_decr              shift, and go to state 22
    T_switch            shift, and go to state 23
    T_case              shift, and go to state 140
    T_break             shift, and go to state 24
    T_intVal            shift, and go to state 25
    T_longVal           shift, and go to state 26
    T_doubleVal         shift, and go to state 27
    T_floatVal          shift, and go to state 28
    T_LogicalNot        shift, and go to state 29

    $default  reduce using rule 56 (DEFCASEC)

    LOOPS        go to state 46
    statement    go to state 47
    ASSIGN_EXPR  go to state 33
    ARITH_EXPR   go to state 34
    PRINT        go to state 35
    LIT          go to state 36
    un_arop      go to state 37
    un_boolop    go to state 38


State 131

   25 CASES: T_default T_colon DEFCASEC •

    $default  reduce using rule 25 (CASES)


State 132

   13 ELSECHAIN: T_else T_if T_openParenthesis COND • T_closedParanthesis LOOPBODY ELSECHAIN

    T_closedParanthesis  shift, and go to state 141


State 133

   33 COND: LIT RELOP LIT bin_boolop LIT RELOP LIT •

    $default  reduce using rule 33 (COND)


State 134

   51 CASEC: T_case • CASEVAL

    T_identifier        shift, and go to state 58
    T_numericConstants  shift, and go to state 18
    T_stringLiteral     shift, and go to state 19
    T_character         shift, and go to state 20
    T_intVal            shift, and go to state 25
    T_longVal           shift, and go to state 26
    T_doubleVal         shift, and go to state 27
    T_floatVal          shift, and go to state 28

    CASEVAL  go to state 142
    LIT      go to state 121


State 135

   53 CASEC: T_default • T_colon DEFCASEC

    T_colon  shift, and go to state 143


State 136

    6 C: C • statement T_Semicolon
    7  | C • LOOPS
   50 CASEC: C •
   52      | C • T_case CASEVAL
   54      | C • T_default T_colon DEFCASEC

    T_type              shift, and go to state 13
    T_if                shift, and go to state 14
    T_cout              shift, and go to state 15
    T_identifier        shift, and go to state 17
    T_numericConstants  shift, and go to state 18
    T_stringLiteral     shift, and go to state 19
    T_character         shift, and go to state 20
    T_incr              shift, and go to state 21
    T_decr              shift, and go to state 22
    T_switch            shift, and go to state 23
    T_case              shift, and go to state 144
    T_break             shift, and go to state 24
    T_default           shift, and go to state 145
    T_intVal            shift, and go to state 25
    T_longVal           shift, and go to state 26
    T_doubleVal         shift, and go to state 27
    T_floatVal          shift, and go to state 28
    T_LogicalNot        shift, and go to state 29

    $default  reduce using rule 50 (CASEC)

    LOOPS        go to state 46
    statement    go to state 47
    ASSIGN_EXPR  go to state 33
    ARITH_EXPR   go to state 34
    PRINT        go to state 35
    LIT          go to state 36
    un_arop      go to state 37
    un_boolop    go to state 38


State 137

   49 CASEVAL: LIT T_colon CASEC •

    $default  reduce using rule 49 (CASEVAL)


State 138

   57 DEFCASEC: T_case DEFCASEVAL •

    $default  reduce using rule 57 (DEFCASEC)


State 139

   55 DEFCASEVAL: LIT • T_colon DEFCASEC

    T_colon  shift, and go to state 146


State 140

   58 DEFCASEC: C T_case • DEFCASEVAL

    T_identifier        shift, and go to state 58
    T_numericConstants  shift, and go to state 18
    T_stringLiteral     shift, and go to state 19
    T_character         shift, and go to state 20
    T_intVal            shift, and go to state 25
    T_longVal           shift, and go to state 26
    T_doubleVal         shift, and go to state 27
    T_floatVal          shift, and go to state 28

    DEFCASEVAL  go to state 147
    LIT         go to state 139


State 141

   13 ELSECHAIN: T_else T_if T_openParenthesis COND T_closedParanthesis • LOOPBODY ELSECHAIN

    T_type               shift, and go to state 13
    T_cout               shift, and go to state 15
    T_openFlowerBracket  shift, and go to state 86
    T_Semicolon          shift, and go to state 87
    T_identifier         shift, and go to state 17
    T_numericConstants   shift, and go to state 18
    T_stringLiteral      shift, and go to state 19
    T_character          shift, and go to state 20
    T_incr               shift, and go to state 21
    T_decr               shift, and go to state 22
    T_break              shift, and go to state 24
    T_intVal             shift, and go to state 25
    T_longVal            shift, and go to state 26
    T_doubleVal          shift, and go to state 27
    T_floatVal           shift, and go to state 28
    T_LogicalNot         shift, and go to state 29

    LOOPBODY     go to state 148
    statement    go to state 89
    ASSIGN_EXPR  go to state 33
    ARITH_EXPR   go to state 34
    PRINT        go to state 35
    LIT          go to state 36
    un_arop      go to state 37
    un_boolop    go to state 38


State 142

   51 CASEC: T_case CASEVAL •

    $default  reduce using rule 51 (CASEC)


State 143

   53 CASEC: T_default T_colon • DEFCASEC

    T_type               shift, and go to state 13
    T_if                 shift, and go to state 14
    T_cout               shift, and go to state 15
    T_openFlowerBracket  shift, and go to state 16
    T_identifier         shift, and go to state 17
    T_numericConstants   shift, and go to state 18
    T_stringLiteral      shift, and go to state 19
    T_character          shift, and go to state 20
    T_incr               shift, and go to state 21
    T_decr               shift, and go to state 22
    T_switch             shift, and go to state 23
    T_case               shift, and go to state 129
    T_break              shift, and go to state 24
    T_intVal             shift, and go to state 25
    T_longVal            shift, and go to state 26
    T_doubleVal          shift, and go to state 27
    T_floatVal           shift, and go to state 28
    T_LogicalNot         shift, and go to state 29

    C            go to state 130
    LOOPS        go to state 31
    statement    go to state 32
    ASSIGN_EXPR  go to state 33
    ARITH_EXPR   go to state 34
    PRINT        go to state 35
    DEFCASEC     go to state 149
    LIT          go to state 36
    un_arop      go to state 37
    un_boolop    go to state 38


State 144

   52 CASEC: C T_case • CASEVAL

    T_identifier        shift, and go to state 58
    T_numericConstants  shift, and go to state 18
    T_stringLiteral     shift, and go to state 19
    T_character         shift, and go to state 20
    T_intVal            shift, and go to state 25
    T_longVal           shift, and go to state 26
    T_doubleVal         shift, and go to state 27
    T_floatVal          shift, and go to state 28

    CASEVAL  go to state 150
    LIT      go to state 121


State 145

   54 CASEC: C T_default • T_colon DEFCASEC

    T_colon  shift, and go to state 151


State 146

   55 DEFCASEVAL: LIT T_colon • DEFCASEC

    T_type               shift, and go to state 13
    T_if                 shift, and go to state 14
    T_cout               shift, and go to state 15
    T_openFlowerBracket  shift, and go to state 16
    T_identifier         shift, and go to state 17
    T_numericConstants   shift, and go to state 18
    T_stringLiteral      shift, and go to state 19
    T_character          shift, and go to state 20
    T_incr               shift, and go to state 21
    T_decr               shift, and go to state 22
    T_switch             shift, and go to state 23
    T_case               shift, and go to state 129
    T_break              shift, and go to state 24
    T_intVal             shift, and go to state 25
    T_longVal            shift, and go to state 26
    T_doubleVal          shift, and go to state 27
    T_floatVal           shift, and go to state 28
    T_LogicalNot         shift, and go to state 29

    C            go to state 130
    LOOPS        go to state 31
    statement    go to state 32
    ASSIGN_EXPR  go to state 33
    ARITH_EXPR   go to state 34
    PRINT        go to state 35
    DEFCASEC     go to state 152
    LIT          go to state 36
    un_arop      go to state 37
    un_boolop    go to state 38


State 147

   58 DEFCASEC: C T_case DEFCASEVAL •

    $default  reduce using rule 58 (DEFCASEC)


State 148

   13 ELSECHAIN: T_else T_if T_openParenthesis COND T_closedParanthesis LOOPBODY • ELSECHAIN

    T_else  shift, and go to state 100

    $default  reduce using rule 15 (ELSECHAIN)

    ELSECHAIN  go to state 153


State 149

   53 CASEC: T_default T_colon DEFCASEC •

    $default  reduce using rule 53 (CASEC)


State 150

   52 CASEC: C T_case CASEVAL •

    $default  reduce using rule 52 (CASEC)


State 151

   54 CASEC: C T_default T_colon • DEFCASEC

    T_type               shift, and go to state 13
    T_if                 shift, and go to state 14
    T_cout               shift, and go to state 15
    T_openFlowerBracket  shift, and go to state 16
    T_identifier         shift, and go to state 17
    T_numericConstants   shift, and go to state 18
    T_stringLiteral      shift, and go to state 19
    T_character          shift, and go to state 20
    T_incr               shift, and go to state 21
    T_decr               shift, and go to state 22
    T_switch             shift, and go to state 23
    T_case               shift, and go to state 129
    T_break              shift, and go to state 24
    T_intVal             shift, and go to state 25
    T_longVal            shift, and go to state 26
    T_doubleVal          shift, and go to state 27
    T_floatVal           shift, and go to state 28
    T_LogicalNot         shift, and go to state 29

    C            go to state 130
    LOOPS        go to state 31
    statement    go to state 32
    ASSIGN_EXPR  go to state 33
    ARITH_EXPR   go to state 34
    PRINT        go to state 35
    DEFCASEC     go to state 154
    LIT          go to state 36
    un_arop      go to state 37
    un_boolop    go to state 38


State 152

   55 DEFCASEVAL: LIT T_colon DEFCASEC •

    $default  reduce using rule 55 (DEFCASEVAL)


State 153

   13 ELSECHAIN: T_else T_if T_openParenthesis COND T_closedParanthesis LOOPBODY ELSECHAIN •

    $default  reduce using rule 13 (ELSECHAIN)


State 154

   54 CASEC: C T_default T_colon DEFCASEC •

    $default  reduce using rule 54 (CASEC)
